{
  "stats": {
    "suites": 1,
    "tests": 1,
    "passes": 1,
    "pending": 0,
    "failures": 0,
    "start": "2021-05-29T04:27:10.911Z",
    "end": "2021-05-29T04:27:13.964Z",
    "duration": 3053,
    "testsRegistered": 1,
    "passPercent": 100,
    "pendingPercent": 0,
    "other": 0,
    "hasOther": false,
    "skipped": 0,
    "hasSkipped": false
  },
  "results": [
    {
      "uuid": "1c17dd2b-30a3-448f-96bd-7ce349fff821",
      "title": "",
      "fullFile": "cypress/integration/sign_in_spec.js",
      "file": "cypress/integration/sign_in_spec.js",
      "beforeHooks": [],
      "afterHooks": [],
      "tests": [],
      "suites": [
        {
          "uuid": "0f756c88-a025-414e-ba90-db0af29eaeba",
          "title": "login",
          "fullFile": "",
          "file": "",
          "beforeHooks": [],
          "afterHooks": [],
          "tests": [
            {
              "title": "Efetuar login com usuario e senha validos",
              "fullTitle": "login Efetuar login com usuario e senha validos",
              "timedOut": null,
              "duration": 2966,
              "state": "passed",
              "speed": "slow",
              "pass": true,
              "fail": false,
              "pending": false,
              "context": null,
              "code": "//acesso site\ncy.visit('/'); //cliclar btn            \ncy.get('.nav-link') //4 elements\n.contains('Sign in').click(); //cy.get('[href*=login]').click()\n//inf user e pass\nconst user = 'chamichones@mail.com';\nconst pass = 'chamichones';\ncy.get('input[type=email]').type(user);\ncy.get('input[type=password]').type(pass); //clicar btn entrar\ncy.get('button.btn-primary').click(); // verificar se retur auth\ncy.get('.nav-pills a.nav-link').should('have.length', 2);\ncy.get('.nav-pills a.nav-link') //posicao -eq,first ,last\n.eq(0).should('contain.text', 'Your Feed').first;",
              "err": {},
              "uuid": "9183b1b2-a827-4dbf-b40a-5fa35746f84f",
              "parentUUID": "0f756c88-a025-414e-ba90-db0af29eaeba",
              "isHook": false,
              "skipped": false
            }
          ],
          "suites": [],
          "passes": [
            "9183b1b2-a827-4dbf-b40a-5fa35746f84f"
          ],
          "failures": [],
          "pending": [],
          "skipped": [],
          "duration": 2966,
          "root": false,
          "rootEmpty": false,
          "_timeout": 2000
        }
      ],
      "passes": [],
      "failures": [],
      "pending": [],
      "skipped": [],
      "duration": 0,
      "root": true,
      "rootEmpty": true,
      "_timeout": 2000
    }
  ],
  "meta": {
    "mocha": {
      "version": "7.0.1"
    },
    "mochawesome": {
      "options": {
        "quiet": true,
        "reportFilename": "mochawesome",
        "saveHtml": false,
        "saveJson": true,
        "consoleReporter": "spec",
        "useInlineDiffs": false,
        "code": true
      },
      "version": "6.2.2"
    },
    "marge": {
      "options": {
        "id": "default",
        "reportDir": "mochawesome-report",
        "quiet": true,
        "overwrite": false,
        "html": false,
        "json": true
      },
      "version": "5.2.0"
    }
  }
}